<?xml version="1.0" encoding="utf-8"?><testsuites><testsuite name="pytest" errors="0" failures="0" skipped="23" tests="144" time="5.221" timestamp="2025-07-22T23:01:39.596633-05:00" hostname="Mac.lan"><testcase classname="test_coverage_boost.TestErrorFormattingCoverage" name="test_format_event_error" time="0.044" /><testcase classname="test_authentication_manager.TestAuthenticationManager" name="test_string_representation" time="0.045" /><testcase classname="test_authentication_manager.TestAuthenticationManager" name="test_initialization" time="0.044" /><testcase classname="test_authentication_manager.TestAuthenticationManager" name="test_authenticate_verification_failure" time="0.045" /><testcase classname="test_coverage_boost.TestErrorFormattingCoverage" name="test_format_websocket_error" time="0.021" /><testcase classname="test_coverage_boost.TestAuthStorageFunctions" name="test_main_init_auth_functions" time="0.076" /><testcase classname="test_authentication_manager.TestAuthenticationManager" name="test_initialization_with_stored_credentials" time="0.021" /><testcase classname="test_authentication_manager.TestAuthenticationManager" name="test_get_auth_headers" time="0.020" /><testcase classname="test_coverage_boost.TestErrorFormattingCoverage" name="test_format_cache_error" time="0.020" /><testcase classname="test_authentication_manager.TestAuthenticationManager" name="test_refresh_token_not_authenticated" time="0.020" /><testcase classname="test_authentication_manager.TestAuthenticationManager" name="test_initialization_with_expired_credentials" time="0.020" /><testcase classname="test_coverage_boost.TestErrorFormattingCoverage" name="test_format_protocol_error" time="0.019" /><testcase classname="test_authentication_manager.TestAuthenticationManager" name="test_handle_auth_handshake_success" time="0.021" /><testcase classname="test_authentication_manager.TestAuthenticationManager" name="test_refresh_token_not_supported" time="0.019" /><testcase classname="test_coverage_boost.TestErrorFormattingCoverage" name="test_format_generic_error" time="0.019" /><testcase classname="test_authentication_manager.TestAuthenticationManager" name="test_logout" time="0.017" /><testcase classname="test_authentication_manager.TestAuthenticationManager" name="test_handle_auth_handshake_invalid_token" time="0.019" /><testcase classname="test_coverage_boost.TestAuthStorageFunctions" name="test_auth_init_functions" time="0.039" /><testcase classname="test_authentication_manager.TestAuthenticationManager" name="test_clear_stored_credentials" time="0.020" /><testcase classname="test_coverage_boost.TestValidationClasses" name="test_validation_error" time="0.018" /><testcase classname="test_authentication_manager.TestAuthenticationManager" name="test_handle_auth_handshake_missing_credentials" time="0.019" /><testcase classname="test_coverage_boost.TestValidationClasses" name="test_validation_result" time="0.020" /><testcase classname="test_authentication_manager.TestAuthenticationManager" name="test_get_auth_info" time="0.021" /><testcase classname="test_authentication_manager.TestAuthenticationManager" name="test_authenticate_with_valid_credentials" time="0.027" /><testcase classname="test_coverage_boost.TestUtilsFunctions" name="test_some_basic_utils" time="0.020" /><testcase classname="test_coverage_boost.TestAdditionalCoverageTargets" name="test_import_major_modules" time="0.018" /><testcase classname="test_authentication_manager.TestAuthenticationManager" name="test_thread_safety" time="0.026" /><testcase classname="test_authentication_manager.TestAuthenticationManager" name="test_authenticate_with_stored_credentials" time="0.020" /><testcase classname="test_coverage_boost.TestAdditionalCoverage" name="test_version_import" time="0.020" /><testcase classname="test_coverage_boost.TestAdditionalCoverageTargets" name="test_exercise_basic_classes" time="0.019" /><testcase classname="test_authentication_manager.TestAuthenticationManager" name="test_event_emission" time="0.020" /><testcase classname="test_authentication_manager.TestAuthenticationManager" name="test_authenticate_no_stored_credentials" time="0.018" /><testcase classname="test_coverage_boost.TestAdditionalCoverage" name="test_validation_init_import" time="0.023" /><testcase classname="test_coverage_boost.TestFinalCoveragePush" name="test_exercise_more_auth_functions" time="0.080" /><testcase classname="test_protocol_handler.TestMessageMetrics" name="test_get_summary" time="0.020" /><testcase classname="test_coverage_boost.TestAdditionalCoverageTargets" name="test_exercise_utility_functions" time="0.019" /><testcase classname="test_coverage_boost.TestErrorFormattingCoverage" name="test_error_formatting_coverage" time="0.018" /><testcase classname="test_protocol_handler.TestProtocolConfiguration" name="test_default_configuration" time="0.020" /><testcase classname="test_coverage_boost.TestAdditionalCoverageTargets" name="test_exercise_event_system" time="0.020" /><testcase classname="test_coverage_boost.TestErrorFormattingCoverage" name="test_format_auth_error" time="0.020" /><testcase classname="test_protocol_handler.TestProtocolConfiguration" name="test_custom_configuration" time="0.019" /><testcase classname="test_coverage_boost.TestAdditionalCoverageTargets" name="test_exercise_bsatn_modules" time="0.025" /><testcase classname="test_protocol_handler.TestProtocolHandler" name="test_initialization" time="0.026" /><testcase classname="test_coverage_boost.TestAdditionalCoverageTargets" name="test_exercise_auth_modules" time="0.020" /><testcase classname="test_protocol_handler.TestMessageMetrics" name="test_initialization" time="0.018" /><testcase classname="test_protocol_handler.TestProtocolHandler" name="test_initialization_binary_protocol" time="0.020" /><testcase classname="test_coverage_boost.TestAdditionalCoverageTargets" name="test_exercise_compression_modules" time="0.020" /><testcase classname="test_protocol_handler.TestMessageMetrics" name="test_record_encoding" time="0.019" /><testcase classname="test_protocol_handler.TestProtocolHandler" name="test_thread_safety" time="0.020" /><testcase classname="test_protocol_handler.TestMessageMetrics" name="test_record_decoding" time="0.020" /><testcase classname="test_coverage_boost.TestAdditionalCoverageTargets" name="test_exercise_factory_modules" time="0.019" /><testcase classname="test_coverage_boost.TestFinalCoveragePush" name="test_additional_imports_and_exercises" time="0.020" /><testcase classname="test_protocol_handler.TestMessageMetrics" name="test_record_validation" time="0.020" /><testcase classname="test_protocol_handler.TestMessageMetrics" name="test_record_error" time="0.020" /><testcase classname="test_protocol_handler.TestProtocolHandler" name="test_encode_message" time="0.022" /><testcase classname="test_coverage_boost.TestFinalCoveragePush" name="test_exercise_additional_utility_modules" time="0.021" /><testcase classname="test_coverage_boost.TestErrorFormattingCoverage" name="test_format_connection_error" time="0.019" /><testcase classname="test_protocol_handler.TestMessageMetrics" name="test_record_security_violation" time="0.020" /><testcase classname="test_protocol_handler.TestProtocolHandler" name="test_decode_message" time="0.024" /><testcase classname="test_protocol_handler.TestProtocolHandlerFactory" name="test_create_binary_handler" time="0.021" /><testcase classname="test_protocol_handler.TestProtocolHandler" name="test_get_protocol_info" time="0.020" /><testcase classname="property.test_event_system.TestEventSystemProperties" name="test_multiple_handlers_receive_same_event" time="0.195" /><testcase classname="test_protocol_handler.TestProtocolHandler" name="test_process_message" time="0.019" /><testcase classname="test_protocol_handler.TestProtocolHandler" name="test_reset_metrics" time="0.019" /><testcase classname="test_protocol_handler.TestProtocolHandlerFactory" name="test_create_json_handler" time="0.020" /><testcase classname="test_protocol_handler.TestProtocolHandler" name="test_validate_message_invalid_type" time="0.020" /><testcase classname="test_protocol_handler.TestProtocolHandler" name="test_message_routing" time="0.020" /><testcase classname="test_protocol_handler.TestProtocolHandlerIntegration" name="test_real_message_encoding_decoding" time="0.019" /><testcase classname="test_protocol_handler.TestProtocolHandler" name="test_encode_message_error_handling" time="0.032" /><testcase classname="test_protocol_handler.TestProtocolHandler" name="test_protocol_compatibility" time="0.030" /><testcase classname="test_protocol_handler.TestProtocolHandlerIntegration" name="test_concurrent_access" time="0.030" /><testcase classname="test_protocol_handler.TestProtocolHandlerIntegration" name="test_large_message_simulation" time="0.019" /><testcase classname="test_protocol_handler.TestProtocolHandlerFactory" name="test_create_handler_default" time="0.021" /><testcase classname="test_protocol_handler.TestProtocolHandler" name="test_decode_message_error_handling" time="0.019" /><testcase classname="test_protocol_handler.TestProtocolHandler" name="test_compression_state_management" time="0.021" /><testcase classname="property.test_event_system.TestEventSystemProperties" name="test_event_system_processes_all_events" time="0.087" /><testcase classname="test_protocol_handler.TestProtocolHandlerFactory" name="test_create_handler_custom" time="0.020" /><testcase classname="property.test_event_system.TestEventSystemEdgeCases" name="test_wildcard_subscriptions" time="0.020" /><testcase classname="property.test_event_system.TestEventSystemProperties" name="test_concurrent_subscription_management" time="0.081" /><testcase classname="property.test_event_system.TestEventSystemEdgeCases" name="test_subscription_during_emission" time="0.020" /><testcase classname="property.test_event_system.TestEventSystemStateMachine" name="runTest" time="0.101" /><testcase classname="property.test_event_system.TestEventSystemProperties" name="test_event_routing_accuracy" time="0.041" /><testcase classname="property.test_bounded_cache.TestBoundedCacheProperties" name="test_cache_get_put_consistency" time="0.006"><skipped type="pytest.skip" message="Cache implementations not available">/Users/punk1290/git/spacetimedb-python-sdk/tests/property/test_bounded_cache.py:67: Cache implementations not available</skipped></testcase><testcase classname="property.test_bounded_cache.TestBoundedCacheProperties" name="test_cache_contains_consistency" time="0.008"><skipped type="pytest.skip" message="Cache implementations not available">/Users/punk1290/git/spacetimedb-python-sdk/tests/property/test_bounded_cache.py:98: Cache implementations not available</skipped></testcase><testcase classname="property.test_bounded_cache.TestBoundedCacheProperties" name="test_cache_clear_empties_cache" time="0.006"><skipped type="pytest.skip" message="Cache implementations not available">/Users/punk1290/git/spacetimedb-python-sdk/tests/property/test_bounded_cache.py:121: Cache implementations not available</skipped></testcase><testcase classname="property.test_event_system.TestEventSystemEdgeCases" name="test_empty_event_name" time="0.020" /><testcase classname="property.test_bounded_cache.TestBoundedCacheProperties" name="test_cache_lru_behavior" time="0.006"><skipped type="pytest.skip" message="Cache implementations not available">/Users/punk1290/git/spacetimedb-python-sdk/tests/property/test_bounded_cache.py:146: Cache implementations not available</skipped></testcase><testcase classname="property.test_bounded_cache.TestBoundedClientCacheProperties" name="test_client_cache_capacity_limits" time="0.006"><skipped type="pytest.skip" message="Cache implementations not available">/Users/punk1290/git/spacetimedb-python-sdk/tests/property/test_bounded_cache.py:248: Cache implementations not available</skipped></testcase><testcase classname="property.test_bounded_cache.TestBoundedClientCacheProperties" name="test_client_data_consistency" time="0.006"><skipped type="pytest.skip" message="Cache implementations not available">/Users/punk1290/git/spacetimedb-python-sdk/tests/property/test_bounded_cache.py:272: Cache implementations not available</skipped></testcase><testcase classname="property.test_event_system.TestEventSystemEdgeCases" name="test_none_handler" time="0.019" /><testcase classname="property.test_event_system.TestEventSystemProperties" name="test_handler_unsubscription_works" time="0.050" /><testcase classname="property.test_bounded_cache.TestBoundedClientCacheProperties" name="test_client_removal_consistency" time="0.006"><skipped type="pytest.skip" message="Cache implementations not available">/Users/punk1290/git/spacetimedb-python-sdk/tests/property/test_bounded_cache.py:311: Cache implementations not available</skipped></testcase><testcase classname="property.test_bounded_cache.TestCacheEdgeCases" name="test_empty_cache_operations" time="0.006"><skipped type="pytest.skip" message="Cache implementations not available">/Users/punk1290/git/spacetimedb-python-sdk/tests/property/test_bounded_cache.py:349: Cache implementations not available</skipped></testcase><testcase classname="property.test_bounded_cache.TestCacheEdgeCases" name="test_single_item_cache" time="0.011"><skipped type="pytest.skip" message="Cache implementations not available">/Users/punk1290/git/spacetimedb-python-sdk/tests/property/test_bounded_cache.py:365: Cache implementations not available</skipped></testcase><testcase classname="property.test_event_system.TestEventSystemEdgeCases" name="test_handler_exception_isolation" time="0.020" /><testcase classname="property.test_bounded_cache.TestCacheEdgeCases" name="test_duplicate_keys" time="0.006"><skipped type="pytest.skip" message="Cache implementations not available">/Users/punk1290/git/spacetimedb-python-sdk/tests/property/test_bounded_cache.py:381: Cache implementations not available</skipped></testcase><testcase classname="property.test_bounded_cache.TestCacheStateMachine" name="runTest" time="0.006"><skipped type="pytest.skip" message="Cache implementations not available">/Users/punk1290/.pyenv/versions/3.12.8/lib/python3.12/site-packages/hypothesis/stateful.py:477: Cache implementations not available</skipped></testcase><testcase classname="property.test_bounded_cache.TestBoundedCacheProperties" name="test_cache_never_exceeds_capacity" time="0.006"><skipped type="pytest.skip" message="Cache implementations not available">/Users/punk1290/git/spacetimedb-python-sdk/tests/property/test_bounded_cache.py:32: Cache implementations not available</skipped></testcase><testcase classname="property.test_event_system.TestEventSystemEdgeCases" name="test_recursive_event_emission" time="0.019" /><testcase classname="property.test_bounded_cache.TestBoundedCacheProperties" name="test_cache_eviction_maintains_most_recent" time="0.006"><skipped type="pytest.skip" message="Cache implementations not available">/Users/punk1290/git/spacetimedb-python-sdk/tests/property/test_bounded_cache.py:46: Cache implementations not available</skipped></testcase><testcase classname="refactoring.test_api_compatibility.TestAPICompatibility" name="test_websocket_client_public_interface" time="0.034" /><testcase classname="property.test_event_system.TestEventSystemProperties" name="test_event_order_preservation" time="0.058" /><testcase classname="refactoring.test_api_compatibility.TestAPICompatibility" name="test_message_sending_compatibility" time="0.034" /><testcase classname="refactoring.test_api_compatibility.TestAPICompatibility" name="test_websocket_client_method_signatures" time="0.034" /><testcase classname="refactoring.test_api_compatibility.TestAPICompatibility" name="test_callback_assignment_compatibility" time="0.037" /><testcase classname="refactoring.test_api_compatibility.TestAPICompatibility" name="test_connection_management_compatibility" time="0.036" /><testcase classname="refactoring.test_api_compatibility.TestAPICompatibility" name="test_subscription_metrics_public_interface" time="0.033" /><testcase classname="property.test_event_system.TestEventSystemProperties" name="test_concurrent_event_emission" time="0.035" /><testcase classname="refactoring.test_api_compatibility.TestAPICompatibility" name="test_subscription_management_compatibility" time="0.033" /><testcase classname="refactoring.test_api_compatibility.TestAPICompatibility" name="test_metrics_compatibility" time="0.034" /><testcase classname="refactoring.test_api_compatibility.TestAPICompatibility" name="test_connection_state_enum_compatibility" time="0.033" /><testcase classname="refactoring.test_api_compatibility.TestAPIUsagePatterns" name="test_basic_usage_pattern" time="0.035" /><testcase classname="refactoring.test_api_compatibility.TestAPICompatibility" name="test_protocol_compatibility" time="0.034" /><testcase classname="refactoring.test_api_compatibility.TestAPIUsagePatterns" name="test_reducer_calling_pattern" time="0.035" /><testcase classname="refactoring.test_api_compatibility.TestAPICompatibility" name="test_client_initialization_compatibility" time="0.032" /><testcase classname="refactoring.test_api_compatibility.TestAPIUsagePatterns" name="test_subscription_usage_pattern" time="0.036" /><testcase classname="refactoring.test_api_compatibility.TestAPIUsagePatterns" name="test_metrics_usage_pattern" time="0.032" /><testcase classname="refactoring.test_api_compatibility.TestAPIUsagePatterns" name="test_query_usage_pattern" time="0.035" /><testcase classname="refactoring.test_websocket_client_regression.TestObsoleteWebSocketClientRegression" name="test_api_changed_notice" time="0.033" /><testcase classname="refactoring.test_websocket_client_regression.TestObsoleteWebSocketClientRegression" name="test_subscription_management_regression" time="0.006"><skipped type="pytest.skip" message="API has been refactored - see main tests/ directory">/Users/punk1290/git/spacetimedb-python-sdk/tests/refactoring/test_websocket_client_regression.py:36: API has been refactored - see main tests/ directory</skipped></testcase><testcase classname="refactoring.test_api_compatibility.TestAPIUsagePatterns" name="test_connection_lifecycle_pattern" time="2.081" /><testcase classname="refactoring.test_websocket_client_regression.TestObsoleteWebSocketClientRegression" name="test_error_handling_regression" time="0.006"><skipped type="pytest.skip" message="API has been refactored - see main tests/ directory">/Users/punk1290/git/spacetimedb-python-sdk/tests/refactoring/test_websocket_client_regression.py:46: API has been refactored - see main tests/ directory</skipped></testcase><testcase classname="refactoring.test_websocket_client_regression.TestObsoleteWebSocketClientRegression" name="test_connection_establishment_regression" time="0.007"><skipped type="pytest.skip" message="API has been refactored - see main tests/ directory">/Users/punk1290/git/spacetimedb-python-sdk/tests/refactoring/test_websocket_client_regression.py:31: API has been refactored - see main tests/ directory</skipped></testcase><testcase classname="refactoring.test_websocket_client_regression.TestObsoleteWebSocketClientRegression" name="test_authentication_flow_regression" time="0.007"><skipped type="pytest.skip" message="API has been refactored - see main tests/ directory">/Users/punk1290/git/spacetimedb-python-sdk/tests/refactoring/test_websocket_client_regression.py:41: API has been refactored - see main tests/ directory</skipped></testcase><testcase classname="refactoring.test_websocket_client_regression.TestObsoleteWebSocketClientRegression" name="test_connection_state_management_regression" time="0.011"><skipped type="pytest.skip" message="API has been refactored - see main tests/ directory">/Users/punk1290/git/spacetimedb-python-sdk/tests/refactoring/test_websocket_client_regression.py:56: API has been refactored - see main tests/ directory</skipped></testcase><testcase classname="refactoring.test_websocket_client_regression.TestObsoleteWebSocketClientRegression" name="test_metrics_collection_regression" time="0.012"><skipped type="pytest.skip" message="API has been refactored - see main tests/ directory">/Users/punk1290/git/spacetimedb-python-sdk/tests/refactoring/test_websocket_client_regression.py:61: API has been refactored - see main tests/ directory</skipped></testcase><testcase classname="refactoring.test_websocket_client_regression.TestObsoleteWebSocketClientRegression" name="test_protocol_handling_regression" time="0.012"><skipped type="pytest.skip" message="API has been refactored - see main tests/ directory">/Users/punk1290/git/spacetimedb-python-sdk/tests/refactoring/test_websocket_client_regression.py:66: API has been refactored - see main tests/ directory</skipped></testcase><testcase classname="refactoring.test_websocket_client_regression.TestObsoleteSubscriptionMetricsRegression" name="test_subscription_metrics_functionality" time="0.006"><skipped type="pytest.skip" message="API has been refactored - see main tests/ directory">/Users/punk1290/git/spacetimedb-python-sdk/tests/refactoring/test_websocket_client_regression.py:75: API has been refactored - see main tests/ directory</skipped></testcase><testcase classname="refactoring.test_websocket_client_regression.TestObsoleteSubscriptionMetricsRegression" name="test_subscription_metrics_error_handling" time="0.006"><skipped type="pytest.skip" message="API has been refactored - see main tests/ directory">/Users/punk1290/git/spacetimedb-python-sdk/tests/refactoring/test_websocket_client_regression.py:80: API has been refactored - see main tests/ directory</skipped></testcase><testcase classname="refactoring.test_subscription_manager.TestSubscriptionManager" name="test_duplicate_subscription_prevention" time="0.035" /><testcase classname="refactoring.test_subscription_manager.TestSubscriptionManager" name="test_subscription_creation" time="0.034" /><testcase classname="refactoring.test_subscription_manager.TestSubscriptionManager" name="test_subscription_applied_handling" time="0.032" /><testcase classname="refactoring.test_subscription_manager.TestSubscriptionManager" name="test_subscription_status_updates" time="0.032" /><testcase classname="refactoring.test_subscription_manager.TestSubscriptionManager" name="test_subscription_removal" time="0.033" /><testcase classname="refactoring.test_subscription_manager.TestSubscriptionManager" name="test_subscription_error_handling" time="0.036" /><testcase classname="refactoring.test_subscription_manager.TestSubscriptionManager" name="test_subscription_data_handling" time="0.033" /><testcase classname="refactoring.test_subscription_manager.TestSubscriptionManager" name="test_callback_management" time="0.031" /><testcase classname="refactoring.test_subscription_manager.TestSubscriptionManager" name="test_subscription_counting" time="0.032" /><testcase classname="refactoring.test_subscription_manager.TestSubscriptionManager" name="test_subscription_metrics_integration" time="0.032" /><testcase classname="refactoring.test_subscription_manager.TestSubscriptionManager" name="test_subscription_cleanup" time="0.033" /><testcase classname="refactoring.test_subscription_manager.TestSubscriptionManager" name="test_concurrent_subscription_operations" time="0.038" /><testcase classname="refactoring.test_subscription_manager.TestSubscriptionManagerMockBehavior" name="test_mock_manager_initialization" time="0.033" /><testcase classname="refactoring.test_subscription_manager.TestSubscriptionManagerMockBehavior" name="test_mock_manager_interface_completeness" time="0.031" /><testcase classname="refactoring.test_websocket_client_regression.TestObsoleteWebSocketClientRegression" name="test_message_sending_regression" time="0.006"><skipped type="pytest.skip" message="API has been refactored - see main tests/ directory">/Users/punk1290/git/spacetimedb-python-sdk/tests/refactoring/test_websocket_client_regression.py:51: API has been refactored - see main tests/ directory</skipped></testcase></testsuite></testsuites>