<?xml version="1.0" encoding="utf-8"?><testsuites><testsuite name="pytest" errors="0" failures="0" skipped="0" tests="27" time="0.697" timestamp="2025-07-22T22:58:43.593826-05:00" hostname="Mac.lan"><testcase classname="test_compression_manager.TestCompressionManager" name="test_initialization" time="0.035" /><testcase classname="test_compression_manager.TestCompressionManager" name="test_initialization_with_config" time="0.018" /><testcase classname="test_compression_manager.TestCompressionManager" name="test_initialization_with_security_validator" time="0.020" /><testcase classname="test_compression_manager.TestCompressionManager" name="test_should_compress_logic" time="0.021" /><testcase classname="test_compression_manager.TestCompressionManager" name="test_gzip_compression" time="0.034" /><testcase classname="test_compression_manager.TestCompressionManager" name="test_brotli_compression" time="0.022" /><testcase classname="test_compression_manager.TestCompressionManager" name="test_no_compression_for_small_data" time="0.018" /><testcase classname="test_compression_manager.TestCompressionManager" name="test_compression_doesnt_increase_size" time="0.020" /><testcase classname="test_compression_manager.TestCompressionManager" name="test_zip_bomb_protection" time="0.021" /><testcase classname="test_compression_manager.TestCompressionManager" name="test_decompression_size_limit" time="0.020" /><testcase classname="test_compression_manager.TestCompressionManager" name="test_rate_limiting" time="0.020" /><testcase classname="test_compression_manager.TestCompressionManager" name="test_security_validator_integration" time="0.020" /><testcase classname="test_compression_manager.TestCompressionManager" name="test_security_validator_failure" time="0.017" /><testcase classname="test_compression_manager.TestCompressionManager" name="test_compression_header_validation" time="0.026" /><testcase classname="test_compression_manager.TestCompressionManager" name="test_unsupported_compression_type" time="0.024" /><testcase classname="test_compression_manager.TestCompressionManager" name="test_metrics_tracking" time="0.024" /><testcase classname="test_compression_manager.TestCompressionManager" name="test_metrics_reset" time="0.023" /><testcase classname="test_compression_manager.TestCompressionManager" name="test_adaptive_threshold" time="0.025" /><testcase classname="test_compression_manager.TestCompressionManager" name="test_thread_safety" time="0.025" /><testcase classname="test_compression_manager.TestCompressionManager" name="test_compression_info" time="0.023" /><testcase classname="test_compression_manager.TestCompressionManager" name="test_compression_negotiation" time="0.024" /><testcase classname="test_compression_manager.TestCompressionManager" name="test_compression_headers" time="0.022" /><testcase classname="test_compression_manager.TestCompressionManager" name="test_security_context_manager" time="0.029" /><testcase classname="test_compression_manager.TestCompressionManager" name="test_error_handling" time="0.024" /><testcase classname="test_compression_manager.TestCompressionManager" name="test_performance_benchmarks" time="0.026" /><testcase classname="test_compression_manager.TestCompressionManagerIntegration" name="test_real_security_manager_integration" time="0.024" /><testcase classname="test_compression_manager.TestCompressionManagerIntegration" name="test_websocket_client_compatibility" time="0.027" /></testsuite></testsuites>