<?xml version="1.0" encoding="utf-8"?><testsuites><testsuite name="pytest" errors="2" failures="0" skipped="0" tests="2" time="0.240" timestamp="2025-07-23T20:12:30.041221-05:00" hostname="Mac.lan"><testcase classname="" name="tests.test_threading_stability" time="0.000"><error message="collection failure">ImportError while importing test module '/Users/punk1290/git/spacetimedb-python-sdk/tests/test_threading_stability.py'.
Hint: make sure your test modules/packages have valid Python names.
Traceback:
../../../.pyenv/versions/3.12.8/lib/python3.12/importlib/__init__.py:90: in import_module
    return _bootstrap._gcd_import(name[level:], package, level)
test_threading_stability.py:17: in &lt;module&gt;
    from src.spacetimedb_sdk.events.event_manager import UnifiedEventManager, get_event_manager
E   ModuleNotFoundError: No module named 'src'</error></testcase><testcase classname="pytest" name="internal" time="0.000"><error message="internal error">Traceback (most recent call last):
  File "/Users/punk1290/.pyenv/versions/3.12.8/lib/python3.12/site-packages/_pytest/main.py", line 809, in perform_collect
    self.items.extend(self.genitems(node))
  File "/Users/punk1290/.pyenv/versions/3.12.8/lib/python3.12/site-packages/_pytest/main.py", line 975, in genitems
    yield from self.genitems(subnode)
  File "/Users/punk1290/.pyenv/versions/3.12.8/lib/python3.12/site-packages/_pytest/main.py", line 970, in genitems
    rep, duplicate = self._collect_one_node(node, handle_dupes)
                     ^^^^^^^^^^^^^^^^^^^^^^^^^^^^^^^^^^^^^^^^^^
  File "/Users/punk1290/.pyenv/versions/3.12.8/lib/python3.12/site-packages/_pytest/main.py", line 835, in _collect_one_node
    rep = collect_one_node(node)
          ^^^^^^^^^^^^^^^^^^^^^^
  File "/Users/punk1290/.pyenv/versions/3.12.8/lib/python3.12/site-packages/_pytest/runner.py", line 566, in collect_one_node
    ihook.pytest_collectstart(collector=collector)
  File "/Users/punk1290/.pyenv/versions/3.12.8/lib/python3.12/site-packages/pluggy/_hooks.py", line 512, in __call__
    return self._hookexec(self.name, self._hookimpls.copy(), kwargs, firstresult)
           ^^^^^^^^^^^^^^^^^^^^^^^^^^^^^^^^^^^^^^^^^^^^^^^^^^^^^^^^^^^^^^^^^^^^^^
  File "/Users/punk1290/.pyenv/versions/3.12.8/lib/python3.12/site-packages/pluggy/_manager.py", line 120, in _hookexec
    return self._inner_hookexec(hook_name, methods, kwargs, firstresult)
           ^^^^^^^^^^^^^^^^^^^^^^^^^^^^^^^^^^^^^^^^^^^^^^^^^^^^^^^^^^^^^
  File "/Users/punk1290/.pyenv/versions/3.12.8/lib/python3.12/site-packages/pluggy/_callers.py", line 167, in _multicall
    raise exception
  File "/Users/punk1290/.pyenv/versions/3.12.8/lib/python3.12/site-packages/pluggy/_callers.py", line 121, in _multicall
    res = hook_impl.function(*args)
          ^^^^^^^^^^^^^^^^^^^^^^^^^
  File "/Users/punk1290/.pyenv/versions/3.12.8/lib/python3.12/site-packages/_pytest/main.py", line 648, in pytest_collectstart
    raise self.Failed(self.shouldfail)
_pytest.main.Failed: stopping after 1 failures

During handling of the above exception, another exception occurred:

Traceback (most recent call last):
  File "/Users/punk1290/.pyenv/versions/3.12.8/lib/python3.12/site-packages/_pytest/main.py", line 283, in wrap_session
    session.exitstatus = doit(config, session) or 0
                         ^^^^^^^^^^^^^^^^^^^^^
  File "/Users/punk1290/.pyenv/versions/3.12.8/lib/python3.12/site-packages/_pytest/main.py", line 336, in _main
    config.hook.pytest_collection(session=session)
  File "/Users/punk1290/.pyenv/versions/3.12.8/lib/python3.12/site-packages/pluggy/_hooks.py", line 512, in __call__
    return self._hookexec(self.name, self._hookimpls.copy(), kwargs, firstresult)
           ^^^^^^^^^^^^^^^^^^^^^^^^^^^^^^^^^^^^^^^^^^^^^^^^^^^^^^^^^^^^^^^^^^^^^^
  File "/Users/punk1290/.pyenv/versions/3.12.8/lib/python3.12/site-packages/pluggy/_manager.py", line 120, in _hookexec
    return self._inner_hookexec(hook_name, methods, kwargs, firstresult)
           ^^^^^^^^^^^^^^^^^^^^^^^^^^^^^^^^^^^^^^^^^^^^^^^^^^^^^^^^^^^^^
  File "/Users/punk1290/.pyenv/versions/3.12.8/lib/python3.12/site-packages/pluggy/_callers.py", line 167, in _multicall
    raise exception
  File "/Users/punk1290/.pyenv/versions/3.12.8/lib/python3.12/site-packages/pluggy/_callers.py", line 139, in _multicall
    teardown.throw(exception)
  File "/Users/punk1290/.pyenv/versions/3.12.8/lib/python3.12/site-packages/_pytest/logging.py", line 790, in pytest_collection
    return (yield)
            ^^^^^
  File "/Users/punk1290/.pyenv/versions/3.12.8/lib/python3.12/site-packages/pluggy/_callers.py", line 139, in _multicall
    teardown.throw(exception)
  File "/Users/punk1290/.pyenv/versions/3.12.8/lib/python3.12/site-packages/_pytest/warnings.py", line 121, in pytest_collection
    return (yield)
            ^^^^^
  File "/Users/punk1290/.pyenv/versions/3.12.8/lib/python3.12/site-packages/pluggy/_callers.py", line 139, in _multicall
    teardown.throw(exception)
  File "/Users/punk1290/.pyenv/versions/3.12.8/lib/python3.12/site-packages/_pytest/config/__init__.py", line 1417, in pytest_collection
    return (yield)
            ^^^^^
  File "/Users/punk1290/.pyenv/versions/3.12.8/lib/python3.12/site-packages/pluggy/_callers.py", line 121, in _multicall
    res = hook_impl.function(*args)
          ^^^^^^^^^^^^^^^^^^^^^^^^^
  File "/Users/punk1290/.pyenv/versions/3.12.8/lib/python3.12/site-packages/_pytest/main.py", line 347, in pytest_collection
    session.perform_collect()
  File "/Users/punk1290/.pyenv/versions/3.12.8/lib/python3.12/site-packages/_pytest/main.py", line 819, in perform_collect
    hook.pytest_collection_finish(session=self)
  File "/Users/punk1290/.pyenv/versions/3.12.8/lib/python3.12/site-packages/pluggy/_hooks.py", line 512, in __call__
    return self._hookexec(self.name, self._hookimpls.copy(), kwargs, firstresult)
           ^^^^^^^^^^^^^^^^^^^^^^^^^^^^^^^^^^^^^^^^^^^^^^^^^^^^^^^^^^^^^^^^^^^^^^
  File "/Users/punk1290/.pyenv/versions/3.12.8/lib/python3.12/site-packages/pluggy/_manager.py", line 120, in _hookexec
    return self._inner_hookexec(hook_name, methods, kwargs, firstresult)
           ^^^^^^^^^^^^^^^^^^^^^^^^^^^^^^^^^^^^^^^^^^^^^^^^^^^^^^^^^^^^^
  File "/Users/punk1290/.pyenv/versions/3.12.8/lib/python3.12/site-packages/pluggy/_callers.py", line 167, in _multicall
    raise exception
  File "/Users/punk1290/.pyenv/versions/3.12.8/lib/python3.12/site-packages/pluggy/_callers.py", line 121, in _multicall
    res = hook_impl.function(*args)
          ^^^^^^^^^^^^^^^^^^^^^^^^^
  File "/Users/punk1290/.pyenv/versions/3.12.8/lib/python3.12/site-packages/_pytest/terminal.py", line 851, in pytest_collection_finish
    self._printcollecteditems(session.items)
  File "/Users/punk1290/.pyenv/versions/3.12.8/lib/python3.12/site-packages/_pytest/terminal.py", line 881, in _printcollecteditems
    self._tw.line(f"{indent}{col}")
  File "/Users/punk1290/.pyenv/versions/3.12.8/lib/python3.12/site-packages/_pytest/_io/terminalwriter.py", line 180, in line
    self.write(s, **markup)
  File "/Users/punk1290/.pyenv/versions/3.12.8/lib/python3.12/site-packages/_pytest/_io/terminalwriter.py", line 165, in write
    self._file.write(msg)
BrokenPipeError: [Errno 32] Broken pipe</error></testcase></testsuite></testsuites>